[2026-04-20 16:55:08] Watchdog starting
[2026-04-20 17:05:08] Starting watchdog...
[2026-04-20 17:05:08] Watchdog active, PID=62345
[2026-04-20 17:10:04] Stopping watchdog...
[2026-04-20 17:10:04] Stopping bot PID=62042
[2026-04-20 17:10:06] Watchdog stopped
[2026-04-20 17:10:08] Starting watchdog...
[2026-04-20 17:10:08] Watchdog active, PID=62596
[2026-04-20 17:10:08] Bot not running
[2026-04-20 17:10:08] Restart #1 — starting bot...
[2026-04-20 17:10:08] === Starting weatherbot2 ===
[2026-04-20 17:10:10] Bot started, PID=62633
[2026-04-20 17:10:29] Starting watchdog...
[2026-04-20 17:10:29] Watchdog active, PID=62705
[2026-04-20 17:11:48] Stopping watchdog...
[2026-04-20 17:11:48] Stopping bot PID=62633
[2026-04-20 17:11:50] Watchdog stopped
[2026-04-20 17:11:52] Starting watchdog...
[2026-04-20 17:11:52] Watchdog active, PID=62840
[2026-04-20 17:11:52] Bot not running
[2026-04-20 17:11:52] Restart #2 — starting bot...
[2026-04-20 17:11:52] === Starting weatherbot2 ===
[2026-04-20 17:11:54] Bot started, PID=62879
[2026-04-20 17:14:25] !!! Bot STUCK (no output for 150s) — killing and restarting
[2026-04-20 17:14:25] Stopping bot PID=62879
[2026-04-20 17:14:27] Restarting...
[2026-04-20 17:14:27] === Starting weatherbot2 ===
[2026-04-20 17:14:29] Bot started, PID=63031
[2026-04-20 17:16:59] !!! Bot STUCK (no output for 150s) — killing and restarting
[2026-04-20 17:16:59] Stopping bot PID=63031
[2026-04-20 17:17:01] Restarting...
[2026-04-20 17:17:01] === Starting weatherbot2 ===
[2026-04-20 17:17:03] Bot started, PID=63246
[2026-04-20 17:19:33] !!! Bot STUCK (no output for 150s) — killing and restarting
[2026-04-20 17:19:33] Stopping bot PID=63246
[2026-04-20 17:19:35] Restarting...
[2026-04-20 17:19:35] === Starting weatherbot2 ===
[2026-04-20 17:19:37] Bot started, PID=63378
[2026-04-20 17:22:08] !!! Bot STUCK (no output for 150s) — killing and restarting
[2026-04-20 17:22:08] Stopping bot PID=63378
[2026-04-20 17:22:10] Restarting...
[2026-04-20 17:22:10] === Starting weatherbot2 ===
[2026-04-20 17:22:12] Bot started, PID=63477
[2026-04-20 17:24:42] !!! Bot STUCK (no output for 150s) — killing and restarting
[2026-04-20 17:24:42] Stopping bot PID=63477
[2026-04-20 17:24:44] Restarting...
[2026-04-20 17:24:44] === Starting weatherbot2 ===
[2026-04-20 17:24:46] Bot started, PID=63601
[2026-04-20 17:27:16] !!! Bot STUCK (no output for 150s) — killing and restarting
[2026-04-20 17:27:16] Stopping bot PID=63601
[2026-04-20 17:27:18] Restarting...
[2026-04-20 17:27:18] === Starting weatherbot2 ===
[2026-04-20 17:27:21] Bot started, PID=63693
[2026-04-20 17:29:51] !!! Bot STUCK (no output for 150s) — killing and restarting
[2026-04-20 17:29:51] Stopping bot PID=63693
[2026-04-20 17:29:53] Restarting...
[2026-04-20 17:29:53] === Starting weatherbot2 ===
[2026-04-20 17:29:55] Bot started, PID=63801
[2026-04-20 17:32:25] !!! Bot STUCK (no output for 150s) — killing and restarting
[2026-04-20 17:32:25] Stopping bot PID=63801
[2026-04-20 17:32:27] Restarting...
[2026-04-20 17:32:27] === Starting weatherbot2 ===
[2026-04-20 17:32:29] Bot started, PID=63918
[2026-04-20 17:34:59] !!! Bot STUCK (no output for 150s) — killing and restarting
[2026-04-20 17:34:59] Stopping bot PID=63918
[2026-04-20 17:35:02] Restarting...
[2026-04-20 17:35:02] === Starting weatherbot2 ===
[2026-04-20 17:35:04] Bot started, PID=64045
[2026-04-20 17:37:34] !!! Bot STUCK (no output for 150s) — killing and restarting
[2026-04-20 17:37:34] Stopping bot PID=64045
[2026-04-20 17:37:36] Restarting...
[2026-04-20 17:37:36] === Starting weatherbot2 ===
[2026-04-20 17:37:38] Bot started, PID=64246
[2026-04-20 17:40:08] !!! Bot STUCK (no output for 150s) — killing and restarting
[2026-04-20 17:40:08] Stopping bot PID=64246
[2026-04-20 17:40:10] Restarting...
[2026-04-20 17:40:10] === Starting weatherbot2 ===
[2026-04-20 17:40:12] Bot started, PID=64434
[2026-04-20 17:42:42] !!! Bot STUCK (no output for 150s) — killing and restarting
[2026-04-20 17:42:42] Stopping bot PID=64434
[2026-04-20 17:42:44] Restarting...
[2026-04-20 17:42:44] === Starting weatherbot2 ===
[2026-04-20 17:42:46] Bot started, PID=64579
[2026-04-20 17:45:17] !!! Bot STUCK (no output for 150s) — killing and restarting
[2026-04-20 17:45:17] Stopping bot PID=64579
[2026-04-20 17:45:19] Restarting...
[2026-04-20 17:45:19] === Starting weatherbot2 ===
[2026-04-20 17:45:21] Bot started, PID=64725
[2026-04-20 17:47:13] Stopping watchdog...
[2026-04-20 17:47:13] Stopping bot PID=64725
[2026-04-20 17:47:15] Watchdog stopped
[2026-04-20 17:47:17] Starting watchdog...
[2026-04-20 17:47:17] Watchdog active, PID=64960
[2026-04-20 17:47:17] Bot not running
[2026-04-20 17:47:17] Restart #3 — starting bot...
[2026-04-20 17:47:17] === Starting weatherbot2 ===
[2026-04-20 17:47:19] Bot started, PID=64998
[2026-04-20 17:49:49] !!! Bot STUCK (no output for 150s) — killing and restarting
[2026-04-20 17:49:49] Stopping bot PID=64998
[2026-04-20 17:49:52] Restarting...
[2026-04-20 17:49:52] === Starting weatherbot2 ===
[2026-04-20 17:49:54] Bot started, PID=65113
[2026-04-20 17:52:24] !!! Bot STUCK (no output for 150s) — killing and restarting
[2026-04-20 17:52:24] Stopping bot PID=65113
[2026-04-20 17:52:26] Restarting...
[2026-04-20 17:52:26] === Starting weatherbot2 ===
[2026-04-20 17:52:28] Bot started, PID=65227
[2026-04-20 17:54:58] !!! Bot STUCK (no output for 150s) — killing and restarting
[2026-04-20 17:54:58] Stopping bot PID=65227
[2026-04-20 17:55:00] Restarting...
[2026-04-20 17:55:00] === Starting weatherbot2 ===
[2026-04-20 17:55:02] Bot started, PID=65314
[2026-04-20 17:57:32] !!! Bot STUCK (no output for 150s) — killing and restarting
[2026-04-20 17:57:32] Stopping bot PID=65314
[2026-04-20 17:57:35] Restarting...
[2026-04-20 17:57:35] === Starting weatherbot2 ===
[2026-04-20 17:57:37] Bot started, PID=65412
[2026-04-20 18:00:07] !!! Bot STUCK (no output for 150s) — killing and restarting
[2026-04-20 18:00:07] Stopping bot PID=65412
[2026-04-20 18:00:09] Restarting...
[2026-04-20 18:00:09] === Starting weatherbot2 ===
[2026-04-20 18:00:11] Bot started, PID=65514
[2026-04-20 18:02:41] !!! Bot STUCK (no output for 150s) — killing and restarting
[2026-04-20 18:02:41] Stopping bot PID=65514
[2026-04-20 18:02:43] Restarting...
[2026-04-20 18:02:43] === Starting weatherbot2 ===
[2026-04-20 18:02:45] Bot started, PID=65626
[2026-04-20 18:05:15] !!! Bot STUCK (no output for 150s) — killing and restarting
[2026-04-20 18:05:15] Stopping bot PID=65626
[2026-04-20 18:05:17] Restarting...
[2026-04-20 18:05:17] === Starting weatherbot2 ===
[2026-04-20 18:05:20] Bot started, PID=65756
[2026-04-20 18:07:50] !!! Bot STUCK (no output for 150s) — killing and restarting
[2026-04-20 18:07:50] Stopping bot PID=65756
[2026-04-20 18:07:52] Restarting...
[2026-04-20 18:07:52] === Starting weatherbot2 ===
[2026-04-20 18:07:54] Bot started, PID=65898
[2026-04-20 18:10:24] !!! Bot STUCK (no output for 150s) — killing and restarting
[2026-04-20 18:10:24] Stopping bot PID=65898
[2026-04-20 18:10:26] Restarting...
[2026-04-20 18:10:26] === Starting weatherbot2 ===
[2026-04-20 18:10:28] Bot started, PID=66009
[2026-04-20 18:12:58] !!! Bot STUCK (no output for 150s) — killing and restarting
[2026-04-20 18:12:58] Stopping bot PID=66009
[2026-04-20 18:13:01] Restarting...
[2026-04-20 18:13:01] === Starting weatherbot2 ===
[2026-04-20 18:13:03] Bot started, PID=66129
[2026-04-20 18:15:33] !!! Bot STUCK (no output for 150s) — killing and restarting
[2026-04-20 18:15:33] Stopping bot PID=66129
[2026-04-20 18:15:35] Restarting...
[2026-04-20 18:15:35] === Starting weatherbot2 ===
[2026-04-20 18:15:37] Bot started, PID=66242
[2026-04-20 18:18:07] !!! Bot STUCK (no output for 150s) — killing and restarting
[2026-04-20 18:18:07] Stopping bot PID=66242
[2026-04-20 18:18:09] Restarting...
[2026-04-20 18:18:09] === Starting weatherbot2 ===
[2026-04-20 18:18:11] Bot started, PID=66360
[2026-04-20 18:20:42] !!! Bot STUCK (no output for 150s) — killing and restarting
[2026-04-20 18:20:42] Stopping bot PID=66360
[2026-04-20 18:20:44] Restarting...
[2026-04-20 18:20:44] === Starting weatherbot2 ===
[2026-04-20 18:20:46] Bot started, PID=66459
[2026-04-20 18:23:16] !!! Bot STUCK (no output for 150s) — killing and restarting
[2026-04-20 18:23:16] Stopping bot PID=66459
[2026-04-20 18:23:18] Restarting...
[2026-04-20 18:23:18] === Starting weatherbot2 ===
[2026-04-20 18:23:20] Bot started, PID=66555
[2026-04-20 18:25:50] !!! Bot STUCK (no output for 150s) — killing and restarting
[2026-04-20 18:25:50] Stopping bot PID=66555
[2026-04-20 18:25:52] Restarting...
[2026-04-20 18:25:52] === Starting weatherbot2 ===
[2026-04-20 18:25:54] Bot started, PID=66647
[2026-04-20 18:28:25] !!! Bot STUCK (no output for 150s) — killing and restarting
[2026-04-20 18:28:25] Stopping bot PID=66647
[2026-04-20 18:28:27] Restarting...
[2026-04-20 18:28:27] === Starting weatherbot2 ===
[2026-04-20 18:28:29] Bot started, PID=66759
[2026-04-20 18:30:59] !!! Bot STUCK (no output for 150s) — killing and restarting
[2026-04-20 18:30:59] Stopping bot PID=66759
[2026-04-20 18:31:01] Restarting...
[2026-04-20 18:31:01] === Starting weatherbot2 ===
[2026-04-20 18:31:03] Bot started, PID=66892
[2026-04-20 18:33:33] !!! Bot STUCK (no output for 150s) — killing and restarting
[2026-04-20 18:33:33] Stopping bot PID=66892
[2026-04-20 18:33:35] Restarting...
[2026-04-20 18:33:35] === Starting weatherbot2 ===
[2026-04-20 18:33:37] Bot started, PID=67053
[2026-04-20 18:36:08] !!! Bot STUCK (no output for 150s) — killing and restarting
[2026-04-20 18:36:08] Stopping bot PID=67053
[2026-04-20 18:36:10] Restarting...
[2026-04-20 18:36:10] === Starting weatherbot2 ===
[2026-04-20 18:36:12] Bot started, PID=67160
[2026-04-20 18:38:42] !!! Bot STUCK (no output for 150s) — killing and restarting
[2026-04-20 18:38:42] Stopping bot PID=67160
[2026-04-20 18:38:44] Restarting...
[2026-04-20 18:38:44] === Starting weatherbot2 ===
[2026-04-20 18:38:46] Bot started, PID=67241
[2026-04-20 18:41:16] !!! Bot STUCK (no output for 150s) — killing and restarting
[2026-04-20 18:41:16] Stopping bot PID=67241
[2026-04-20 18:41:18] Restarting...
[2026-04-20 18:41:18] === Starting weatherbot2 ===
[2026-04-20 18:41:20] Bot started, PID=67337
[2026-04-20 18:43:51] !!! Bot STUCK (no output for 150s) — killing and restarting
[2026-04-20 18:43:51] Stopping bot PID=67337
[2026-04-20 18:43:53] Restarting...
[2026-04-20 18:43:53] === Starting weatherbot2 ===
[2026-04-20 18:43:55] Bot started, PID=67427
[2026-04-20 18:46:25] !!! Bot STUCK (no output for 150s) — killing and restarting
[2026-04-20 18:46:25] Stopping bot PID=67427
[2026-04-20 18:46:27] Restarting...
[2026-04-20 18:46:27] === Starting weatherbot2 ===
[2026-04-20 18:46:29] Bot started, PID=67560
[2026-04-20 18:49:00] !!! Bot STUCK (no output for 150s) — killing and restarting
[2026-04-20 18:49:00] Stopping bot PID=67560
[2026-04-20 18:49:02] Restarting...
[2026-04-20 18:49:02] === Starting weatherbot2 ===
[2026-04-20 18:49:04] Bot started, PID=67672
[2026-04-20 18:51:34] !!! Bot STUCK (no output for 150s) — killing and restarting
[2026-04-20 18:51:34] Stopping bot PID=67672
[2026-04-20 18:51:36] Restarting...
[2026-04-20 18:51:36] === Starting weatherbot2 ===
[2026-04-20 18:51:38] Bot started, PID=67768
[2026-04-20 18:54:08] !!! Bot STUCK (no output for 150s) — killing and restarting
[2026-04-20 18:54:08] Stopping bot PID=67768
[2026-04-20 18:54:10] Restarting...
[2026-04-20 18:54:10] === Starting weatherbot2 ===
[2026-04-20 18:54:12] Bot started, PID=67890
[2026-04-20 18:56:43] !!! Bot STUCK (no output for 150s) — killing and restarting
[2026-04-20 18:56:43] Stopping bot PID=67890
[2026-04-20 18:56:45] Restarting...
[2026-04-20 18:56:45] === Starting weatherbot2 ===
[2026-04-20 18:56:47] Bot started, PID=67982
[2026-04-20 18:59:17] !!! Bot STUCK (no output for 150s) — killing and restarting
[2026-04-20 18:59:17] Stopping bot PID=67982
[2026-04-20 18:59:19] Restarting...
[2026-04-20 18:59:19] === Starting weatherbot2 ===
[2026-04-20 18:59:21] Bot started, PID=68115
[2026-04-20 19:01:51] !!! Bot STUCK (no output for 150s) — killing and restarting
[2026-04-20 19:01:51] Stopping bot PID=68115
[2026-04-20 19:01:53] Restarting...
[2026-04-20 19:01:53] === Starting weatherbot2 ===
[2026-04-20 19:01:55] Bot started, PID=68201
[2026-04-20 19:04:26] !!! Bot STUCK (no output for 150s) — killing and restarting
[2026-04-20 19:04:26] Stopping bot PID=68201
[2026-04-20 19:04:28] Restarting...
[2026-04-20 19:04:28] === Starting weatherbot2 ===
[2026-04-20 19:04:30] Bot started, PID=68314
[2026-04-20 19:07:00] !!! Bot STUCK (no output for 150s) — killing and restarting
[2026-04-20 19:07:00] Stopping bot PID=68314
[2026-04-20 19:07:02] Restarting...
[2026-04-20 19:07:02] === Starting weatherbot2 ===
[2026-04-20 19:07:04] Bot started, PID=68425
[2026-04-20 19:09:34] !!! Bot STUCK (no output for 150s) — killing and restarting
[2026-04-20 19:09:34] Stopping bot PID=68425
[2026-04-20 19:09:36] Restarting...
[2026-04-20 19:09:36] === Starting weatherbot2 ===
[2026-04-20 19:09:38] Bot started, PID=68547
[2026-04-20 19:12:09] !!! Bot STUCK (no output for 150s) — killing and restarting
[2026-04-20 19:12:09] Stopping bot PID=68547
[2026-04-20 19:12:11] Restarting...
[2026-04-20 19:12:11] === Starting weatherbot2 ===
[2026-04-20 19:12:13] Bot started, PID=68647
[2026-04-20 19:14:43] !!! Bot STUCK (no output for 150s) — killing and restarting
[2026-04-20 19:14:43] Stopping bot PID=68647
[2026-04-20 19:14:45] Restarting...
[2026-04-20 19:14:45] === Starting weatherbot2 ===
[2026-04-20 19:14:47] Bot started, PID=68754
[2026-04-20 19:17:17] !!! Bot STUCK (no output for 150s) — killing and restarting
[2026-04-20 19:17:17] Stopping bot PID=68754
[2026-04-20 19:17:20] Restarting...
[2026-04-20 19:17:20] === Starting weatherbot2 ===
[2026-04-20 19:17:22] Bot started, PID=68858
[2026-04-20 19:19:52] !!! Bot STUCK (no output for 150s) — killing and restarting
[2026-04-20 19:19:52] Stopping bot PID=68858
[2026-04-20 19:19:54] Restarting...
[2026-04-20 19:19:54] === Starting weatherbot2 ===
[2026-04-20 19:19:56] Bot started, PID=68964
[2026-04-20 19:22:26] !!! Bot STUCK (no output for 150s) — killing and restarting
[2026-04-20 19:22:26] Stopping bot PID=68964
[2026-04-20 19:22:28] Restarting...
[2026-04-20 19:22:28] === Starting weatherbot2 ===
[2026-04-20 19:22:30] Bot started, PID=69059
[2026-04-20 19:25:01] !!! Bot STUCK (no output for 150s) — killing and restarting
[2026-04-20 19:25:01] Stopping bot PID=69059
[2026-04-20 19:25:03] Restarting...
[2026-04-20 19:25:03] === Starting weatherbot2 ===
[2026-04-20 19:25:05] Bot started, PID=69221
[2026-04-20 19:27:35] !!! Bot STUCK (no output for 150s) — killing and restarting
[2026-04-20 19:27:35] Stopping bot PID=69221
[2026-04-20 19:27:37] Restarting...
[2026-04-20 19:27:37] === Starting weatherbot2 ===
[2026-04-20 19:27:39] Bot started, PID=69325
[2026-04-20 19:30:09] !!! Bot STUCK (no output for 150s) — killing and restarting
[2026-04-20 19:30:09] Stopping bot PID=69325
[2026-04-20 19:30:11] Restarting...
[2026-04-20 19:30:11] === Starting weatherbot2 ===
[2026-04-20 19:30:14] Bot started, PID=69447
[2026-04-20 19:32:44] !!! Bot STUCK (no output for 150s) — killing and restarting
[2026-04-20 19:32:44] Stopping bot PID=69447
[2026-04-20 19:32:46] Restarting...
[2026-04-20 19:32:46] === Starting weatherbot2 ===
[2026-04-20 19:32:48] Bot started, PID=69563
[2026-04-20 19:35:18] !!! Bot STUCK (no output for 150s) — killing and restarting
[2026-04-20 19:35:18] Stopping bot PID=69563
[2026-04-20 19:35:20] Restarting...
[2026-04-20 19:35:20] === Starting weatherbot2 ===
[2026-04-20 19:35:22] Bot started, PID=69665
[2026-04-20 19:37:52] !!! Bot STUCK (no output for 150s) — killing and restarting
[2026-04-20 19:37:52] Stopping bot PID=69665
[2026-04-20 19:37:55] Restarting...
[2026-04-20 19:37:55] === Starting weatherbot2 ===
[2026-04-20 19:37:57] Bot started, PID=69758
[2026-04-20 19:40:27] !!! Bot STUCK (no output for 150s) — killing and restarting
[2026-04-20 19:40:27] Stopping bot PID=69758
[2026-04-20 19:40:29] Restarting...
[2026-04-20 19:40:29] === Starting weatherbot2 ===
[2026-04-20 19:40:31] Bot started, PID=69915
[2026-04-20 19:43:01] !!! Bot STUCK (no output for 150s) — killing and restarting
[2026-04-20 19:43:01] Stopping bot PID=69915
[2026-04-20 19:43:03] Restarting...
[2026-04-20 19:43:03] === Starting weatherbot2 ===
[2026-04-20 19:43:05] Bot started, PID=70000
[2026-04-20 19:45:35] !!! Bot STUCK (no output for 150s) — killing and restarting
[2026-04-20 19:45:35] Stopping bot PID=70000
[2026-04-20 19:45:37] Restarting...
[2026-04-20 19:45:37] === Starting weatherbot2 ===
[2026-04-20 19:45:40] Bot started, PID=70102
[2026-04-20 19:48:10] !!! Bot STUCK (no output for 150s) — killing and restarting
[2026-04-20 19:48:10] Stopping bot PID=70102
[2026-04-20 19:48:12] Restarting...
[2026-04-20 19:48:12] === Starting weatherbot2 ===
[2026-04-20 19:48:14] Bot started, PID=70202
[2026-04-20 19:50:44] !!! Bot STUCK (no output for 150s) — killing and restarting
[2026-04-20 19:50:44] Stopping bot PID=70202
[2026-04-20 19:50:46] Restarting...
[2026-04-20 19:50:46] === Starting weatherbot2 ===
[2026-04-20 19:50:48] Bot started, PID=70317
[2026-04-20 19:53:18] !!! Bot STUCK (no output for 150s) — killing and restarting
[2026-04-20 19:53:18] Stopping bot PID=70317
[2026-04-20 19:53:20] Restarting...
[2026-04-20 19:53:21] === Starting weatherbot2 ===
[2026-04-20 19:53:23] Bot started, PID=70442
[2026-04-20 19:55:53] !!! Bot STUCK (no output for 150s) — killing and restarting
[2026-04-20 19:55:53] Stopping bot PID=70442
[2026-04-20 19:55:55] Restarting...
[2026-04-20 19:55:55] === Starting weatherbot2 ===
[2026-04-20 19:55:57] Bot started, PID=70543
[2026-04-20 19:58:27] !!! Bot STUCK (no output for 150s) — killing and restarting
[2026-04-20 19:58:27] Stopping bot PID=70543
[2026-04-20 19:58:29] Restarting...
[2026-04-20 19:58:29] === Starting weatherbot2 ===
[2026-04-20 19:58:31] Bot started, PID=70631
[2026-04-20 20:01:01] !!! Bot STUCK (no output for 150s) — killing and restarting
[2026-04-20 20:01:01] Stopping bot PID=70631
[2026-04-20 20:01:03] Restarting...
[2026-04-20 20:01:03] === Starting weatherbot2 ===
[2026-04-20 20:01:06] Bot started, PID=70758
[2026-04-20 20:03:36] !!! Bot STUCK (no output for 150s) — killing and restarting
[2026-04-20 20:03:36] Stopping bot PID=70758
[2026-04-20 20:03:38] Restarting...
[2026-04-20 20:03:38] === Starting weatherbot2 ===
[2026-04-20 20:03:40] Bot started, PID=70866
[2026-04-20 20:06:10] !!! Bot STUCK (no output for 150s) — killing and restarting
[2026-04-20 20:06:10] Stopping bot PID=70866
[2026-04-20 20:06:12] Restarting...
[2026-04-20 20:06:12] === Starting weatherbot2 ===
[2026-04-20 20:06:14] Bot started, PID=70970
[2026-04-20 20:08:44] !!! Bot STUCK (no output for 150s) — killing and restarting
[2026-04-20 20:08:44] Stopping bot PID=70970
[2026-04-20 20:08:46] Restarting...
[2026-04-20 20:08:46] === Starting weatherbot2 ===
[2026-04-20 20:08:49] Bot started, PID=71061
[2026-04-20 20:11:19] !!! Bot STUCK (no output for 150s) — killing and restarting
[2026-04-20 20:11:19] Stopping bot PID=71061
[2026-04-20 20:11:21] Restarting...
[2026-04-20 20:11:21] === Starting weatherbot2 ===
[2026-04-20 20:11:23] Bot started, PID=71168
[2026-04-20 20:13:53] !!! Bot STUCK (no output for 150s) — killing and restarting
[2026-04-20 20:13:53] Stopping bot PID=71168
[2026-04-20 20:13:55] Restarting...
[2026-04-20 20:13:55] === Starting weatherbot2 ===
[2026-04-20 20:13:57] Bot started, PID=71253
[2026-04-20 20:16:27] !!! Bot STUCK (no output for 150s) — killing and restarting
[2026-04-20 20:16:27] Stopping bot PID=71253
[2026-04-20 20:16:29] Restarting...
[2026-04-20 20:16:29] === Starting weatherbot2 ===
[2026-04-20 20:16:31] Bot started, PID=71378
[2026-04-20 20:19:02] !!! Bot STUCK (no output for 150s) — killing and restarting
[2026-04-20 20:19:02] Stopping bot PID=71378
[2026-04-20 20:19:04] Restarting...
[2026-04-20 20:19:04] === Starting weatherbot2 ===
[2026-04-20 20:19:06] Bot started, PID=71480
[2026-04-20 20:21:36] !!! Bot STUCK (no output for 150s) — killing and restarting
[2026-04-20 20:21:36] Stopping bot PID=71480
[2026-04-20 20:21:38] Restarting...
[2026-04-20 20:21:38] === Starting weatherbot2 ===
[2026-04-20 20:21:40] Bot started, PID=71686
[2026-04-20 20:24:10] !!! Bot STUCK (no output for 150s) — killing and restarting
[2026-04-20 20:24:10] Stopping bot PID=71686
[2026-04-20 20:24:12] Restarting...
[2026-04-20 20:24:12] === Starting weatherbot2 ===
[2026-04-20 20:24:15] Bot started, PID=71818
[2026-04-20 20:26:45] !!! Bot STUCK (no output for 150s) — killing and restarting
[2026-04-20 20:26:45] Stopping bot PID=71818
[2026-04-20 20:26:47] Restarting...
[2026-04-20 20:26:47] === Starting weatherbot2 ===
[2026-04-20 20:26:49] Bot started, PID=71912
[2026-04-20 20:29:19] !!! Bot STUCK (no output for 150s) — killing and restarting
[2026-04-20 20:29:19] Stopping bot PID=71912
[2026-04-20 20:29:21] Restarting...
[2026-04-20 20:29:21] === Starting weatherbot2 ===
[2026-04-20 20:29:23] Bot started, PID=72003
[2026-04-20 20:31:53] !!! Bot STUCK (no output for 150s) — killing and restarting
[2026-04-20 20:31:53] Stopping bot PID=72003
[2026-04-20 20:31:56] Restarting...
[2026-04-20 20:31:56] === Starting weatherbot2 ===
[2026-04-20 20:31:58] Bot started, PID=72189
[2026-04-20 20:34:28] !!! Bot STUCK (no output for 150s) — killing and restarting
[2026-04-20 20:34:28] Stopping bot PID=72189
[2026-04-20 20:34:30] Restarting...
[2026-04-20 20:34:30] === Starting weatherbot2 ===
[2026-04-20 20:34:32] Bot started, PID=72299
[2026-04-20 20:37:02] !!! Bot STUCK (no output for 150s) — killing and restarting
[2026-04-20 20:37:02] Stopping bot PID=72299
[2026-04-20 20:37:04] Restarting...
[2026-04-20 20:37:04] === Starting weatherbot2 ===
[2026-04-20 20:37:06] Bot started, PID=72404
[2026-04-20 20:39:36] !!! Bot STUCK (no output for 150s) — killing and restarting
[2026-04-20 20:39:36] Stopping bot PID=72404
[2026-04-20 20:39:39] Restarting...
[2026-04-20 20:39:39] === Starting weatherbot2 ===
[2026-04-20 20:39:41] Bot started, PID=72498
[2026-04-20 20:42:11] !!! Bot STUCK (no output for 150s) — killing and restarting
[2026-04-20 20:42:11] Stopping bot PID=72498
[2026-04-20 20:42:13] Restarting...
[2026-04-20 20:42:13] === Starting weatherbot2 ===
[2026-04-20 20:42:15] Bot started, PID=72583
[2026-04-20 20:44:45] !!! Bot STUCK (no output for 150s) — killing and restarting
[2026-04-20 20:44:45] Stopping bot PID=72583
[2026-04-20 20:44:47] Restarting...
[2026-04-20 20:44:47] === Starting weatherbot2 ===
[2026-04-20 20:44:49] Bot started, PID=72666
[2026-04-20 20:47:19] !!! Bot STUCK (no output for 150s) — killing and restarting
[2026-04-20 20:47:19] Stopping bot PID=72666
[2026-04-20 20:47:22] Restarting...
[2026-04-20 20:47:22] === Starting weatherbot2 ===
[2026-04-20 20:47:24] Bot started, PID=72760
[2026-04-20 20:49:54] !!! Bot STUCK (no output for 150s) — killing and restarting
[2026-04-20 20:49:54] Stopping bot PID=72760
[2026-04-20 20:49:56] Restarting...
[2026-04-20 20:49:56] === Starting weatherbot2 ===
[2026-04-20 20:49:58] Bot started, PID=72930
[2026-04-20 20:52:28] !!! Bot STUCK (no output for 150s) — killing and restarting
[2026-04-20 20:52:28] Stopping bot PID=72930
[2026-04-20 20:52:30] Restarting...
[2026-04-20 20:52:30] === Starting weatherbot2 ===
[2026-04-20 20:52:32] Bot started, PID=73020
[2026-04-20 20:55:02] !!! Bot STUCK (no output for 150s) — killing and restarting
[2026-04-20 20:55:02] Stopping bot PID=73020
[2026-04-20 20:55:05] Restarting...
[2026-04-20 20:55:05] === Starting weatherbot2 ===
[2026-04-20 20:55:07] Bot started, PID=73122
[2026-04-20 20:57:37] !!! Bot STUCK (no output for 150s) — killing and restarting
[2026-04-20 20:57:37] Stopping bot PID=73122
[2026-04-20 20:57:39] Restarting...
[2026-04-20 20:57:39] === Starting weatherbot2 ===
[2026-04-20 20:57:41] Bot started, PID=73210
[2026-04-20 21:00:11] !!! Bot STUCK (no output for 150s) — killing and restarting
[2026-04-20 21:00:11] Stopping bot PID=73210
[2026-04-20 21:00:13] Restarting...
[2026-04-20 21:00:13] === Starting weatherbot2 ===
[2026-04-20 21:00:15] Bot started, PID=73319
[2026-04-20 21:02:46] !!! Bot STUCK (no output for 150s) — killing and restarting
[2026-04-20 21:02:46] Stopping bot PID=73319
[2026-04-20 21:02:48] Restarting...
[2026-04-20 21:02:48] === Starting weatherbot2 ===
[2026-04-20 21:02:50] Bot started, PID=73415
[2026-04-20 21:05:20] !!! Bot STUCK (no output for 150s) — killing and restarting
[2026-04-20 21:05:20] Stopping bot PID=73415
[2026-04-20 21:05:22] Restarting...
[2026-04-20 21:05:22] === Starting weatherbot2 ===
[2026-04-20 21:05:24] Bot started, PID=73503
[2026-04-20 21:07:54] !!! Bot STUCK (no output for 150s) — killing and restarting
[2026-04-20 21:07:54] Stopping bot PID=73503
[2026-04-20 21:07:56] Restarting...
[2026-04-20 21:07:56] === Starting weatherbot2 ===
[2026-04-20 21:07:58] Bot started, PID=73644
[2026-04-20 21:10:29] !!! Bot STUCK (no output for 150s) — killing and restarting
[2026-04-20 21:10:29] Stopping bot PID=73644
[2026-04-20 21:10:31] Restarting...
[2026-04-20 21:10:31] === Starting weatherbot2 ===
[2026-04-20 21:10:33] Bot started, PID=73760
[2026-04-20 21:13:03] !!! Bot STUCK (no output for 150s) — killing and restarting
[2026-04-20 21:13:03] Stopping bot PID=73760
[2026-04-20 21:13:05] Restarting...
[2026-04-20 21:13:05] === Starting weatherbot2 ===
[2026-04-20 21:13:07] Bot started, PID=73851
[2026-04-20 21:15:37] !!! Bot STUCK (no output for 150s) — killing and restarting
[2026-04-20 21:15:37] Stopping bot PID=73851
[2026-04-20 21:15:39] Restarting...
[2026-04-20 21:15:39] === Starting weatherbot2 ===
[2026-04-20 21:15:41] Bot started, PID=73960
[2026-04-20 21:18:12] !!! Bot STUCK (no output for 150s) — killing and restarting
[2026-04-20 21:18:12] Stopping bot PID=73960
[2026-04-20 21:18:14] Restarting...
[2026-04-20 21:18:14] === Starting weatherbot2 ===
[2026-04-20 21:18:16] Bot started, PID=74108
[2026-04-20 21:20:46] !!! Bot STUCK (no output for 150s) — killing and restarting
[2026-04-20 21:20:46] Stopping bot PID=74108
[2026-04-20 21:20:48] Restarting...
[2026-04-20 21:20:48] === Starting weatherbot2 ===
[2026-04-20 21:20:50] Bot started, PID=74225
[2026-04-20 21:23:20] !!! Bot STUCK (no output for 150s) — killing and restarting
[2026-04-20 21:23:20] Stopping bot PID=74225
[2026-04-20 21:23:22] Restarting...
[2026-04-20 21:23:22] === Starting weatherbot2 ===
[2026-04-20 21:23:24] Bot started, PID=74320
[2026-04-20 21:25:55] !!! Bot STUCK (no output for 150s) — killing and restarting
[2026-04-20 21:25:55] Stopping bot PID=74320
[2026-04-20 21:25:57] Restarting...
[2026-04-20 21:25:57] === Starting weatherbot2 ===
[2026-04-20 21:25:59] Bot started, PID=74420
[2026-04-20 21:28:29] !!! Bot STUCK (no output for 150s) — killing and restarting
[2026-04-20 21:28:29] Stopping bot PID=74420
[2026-04-20 21:28:31] Restarting...
[2026-04-20 21:28:31] === Starting weatherbot2 ===
[2026-04-20 21:28:33] Bot started, PID=74522
[2026-04-20 21:31:03] !!! Bot STUCK (no output for 150s) — killing and restarting
[2026-04-20 21:31:03] Stopping bot PID=74522
[2026-04-20 21:31:05] Restarting...
[2026-04-20 21:31:05] === Starting weatherbot2 ===
[2026-04-20 21:31:08] Bot started, PID=74623
[2026-04-20 21:33:38] !!! Bot STUCK (no output for 150s) — killing and restarting
[2026-04-20 21:33:38] Stopping bot PID=74623
[2026-04-20 21:33:40] Restarting...
[2026-04-20 21:33:40] === Starting weatherbot2 ===
[2026-04-20 21:33:42] Bot started, PID=74718
[2026-04-20 21:36:12] !!! Bot STUCK (no output for 150s) — killing and restarting
[2026-04-20 21:36:12] Stopping bot PID=74718
[2026-04-20 21:36:14] Restarting...
[2026-04-20 21:36:14] === Starting weatherbot2 ===
[2026-04-20 21:36:16] Bot started, PID=74825
[2026-04-20 21:38:47] !!! Bot STUCK (no output for 150s) — killing and restarting
[2026-04-20 21:38:47] Stopping bot PID=74825
[2026-04-20 21:38:49] Restarting...
[2026-04-20 21:38:49] === Starting weatherbot2 ===
[2026-04-20 21:38:51] Bot started, PID=74917
[2026-04-20 21:41:21] !!! Bot STUCK (no output for 150s) — killing and restarting
[2026-04-20 21:41:21] Stopping bot PID=74917
[2026-04-20 21:41:23] Restarting...
[2026-04-20 21:41:23] === Starting weatherbot2 ===
[2026-04-20 21:41:25] Bot started, PID=75000
[2026-04-20 21:43:55] !!! Bot STUCK (no output for 150s) — killing and restarting
[2026-04-20 21:43:55] Stopping bot PID=75000
[2026-04-20 21:43:57] Restarting...
[2026-04-20 21:43:57] === Starting weatherbot2 ===
[2026-04-20 21:43:59] Bot started, PID=75098
[2026-04-20 21:46:30] !!! Bot STUCK (no output for 150s) — killing and restarting
[2026-04-20 21:46:30] Stopping bot PID=75098
[2026-04-20 21:46:32] Restarting...
[2026-04-20 21:46:32] === Starting weatherbot2 ===
[2026-04-20 21:46:34] Bot started, PID=75198
[2026-04-20 21:49:04] !!! Bot STUCK (no output for 150s) — killing and restarting
[2026-04-20 21:49:04] Stopping bot PID=75198
[2026-04-20 21:49:06] Restarting...
[2026-04-20 21:49:06] === Starting weatherbot2 ===
[2026-04-20 21:49:08] Bot started, PID=75328
[2026-04-20 21:51:38] !!! Bot STUCK (no output for 150s) — killing and restarting
[2026-04-20 21:51:38] Stopping bot PID=75328
[2026-04-20 21:51:41] Restarting...
[2026-04-20 21:51:41] === Starting weatherbot2 ===
[2026-04-20 21:51:43] Bot started, PID=75546
[2026-04-20 21:54:13] !!! Bot STUCK (no output for 150s) — killing and restarting
[2026-04-20 21:54:13] Stopping bot PID=75546
[2026-04-20 21:54:15] Restarting...
[2026-04-20 21:54:15] === Starting weatherbot2 ===
[2026-04-20 21:54:17] Bot started, PID=75695
[2026-04-20 21:56:47] !!! Bot STUCK (no output for 150s) — killing and restarting
[2026-04-20 21:56:47] Stopping bot PID=75695
[2026-04-20 21:56:49] Restarting...
[2026-04-20 21:56:49] === Starting weatherbot2 ===
[2026-04-20 21:56:51] Bot started, PID=75789
[2026-04-20 21:59:21] !!! Bot STUCK (no output for 150s) — killing and restarting
[2026-04-20 21:59:21] Stopping bot PID=75789
[2026-04-20 21:59:23] Restarting...
[2026-04-20 21:59:23] === Starting weatherbot2 ===
[2026-04-20 21:59:25] Bot started, PID=75883
[2026-04-20 22:01:56] !!! Bot STUCK (no output for 150s) — killing and restarting
[2026-04-20 22:01:56] Stopping bot PID=75883
[2026-04-20 22:01:58] Restarting...
[2026-04-20 22:01:58] === Starting weatherbot2 ===
[2026-04-20 22:02:00] Bot started, PID=75981
[2026-04-20 22:04:30] !!! Bot STUCK (no output for 150s) — killing and restarting
[2026-04-20 22:04:30] Stopping bot PID=75981
[2026-04-20 22:04:32] Restarting...
[2026-04-20 22:04:32] === Starting weatherbot2 ===
[2026-04-20 22:04:34] Bot started, PID=76065
[2026-04-20 22:07:04] !!! Bot STUCK (no output for 150s) — killing and restarting
[2026-04-20 22:07:04] Stopping bot PID=76065
[2026-04-20 22:07:06] Restarting...
[2026-04-20 22:07:06] === Starting weatherbot2 ===
[2026-04-20 22:07:09] Bot started, PID=76185
[2026-04-20 22:09:39] !!! Bot STUCK (no output for 150s) — killing and restarting
[2026-04-20 22:09:39] Stopping bot PID=76185
[2026-04-20 22:09:41] Restarting...
[2026-04-20 22:09:41] === Starting weatherbot2 ===
[2026-04-20 22:09:43] Bot started, PID=76275
[2026-04-20 22:12:13] !!! Bot STUCK (no output for 150s) — killing and restarting
[2026-04-20 22:12:13] Stopping bot PID=76275
[2026-04-20 22:12:15] Restarting...
[2026-04-20 22:12:15] === Starting weatherbot2 ===
[2026-04-20 22:12:17] Bot started, PID=76365
[2026-04-20 22:14:47] !!! Bot STUCK (no output for 150s) — killing and restarting
[2026-04-20 22:14:47] Stopping bot PID=76365
[2026-04-20 22:14:49] Restarting...
[2026-04-20 22:14:49] === Starting weatherbot2 ===
[2026-04-20 22:14:52] Bot started, PID=76453
[2026-04-20 22:17:22] !!! Bot STUCK (no output for 150s) — killing and restarting
[2026-04-20 22:17:22] Stopping bot PID=76453
[2026-04-20 22:17:24] Restarting...
[2026-04-20 22:17:24] === Starting weatherbot2 ===
[2026-04-20 22:17:26] Bot started, PID=76552
[2026-04-20 22:19:56] !!! Bot STUCK (no output for 150s) — killing and restarting
[2026-04-20 22:19:56] Stopping bot PID=76552
[2026-04-20 22:19:58] Restarting...
[2026-04-20 22:19:58] === Starting weatherbot2 ===
[2026-04-20 22:20:00] Bot started, PID=76692
[2026-04-20 22:22:30] !!! Bot STUCK (no output for 150s) — killing and restarting
[2026-04-20 22:22:30] Stopping bot PID=76692
[2026-04-20 22:22:32] Restarting...
[2026-04-20 22:22:32] === Starting weatherbot2 ===
[2026-04-20 22:22:35] Bot started, PID=76820
[2026-04-20 22:25:05] !!! Bot STUCK (no output for 150s) — killing and restarting
[2026-04-20 22:25:05] Stopping bot PID=77020
[2026-04-20 22:25:07] Restarting...
[2026-04-20 22:25:07] === Starting weatherbot2 ===
[2026-04-20 22:25:09] Bot started, PID=77097
[2026-04-20 22:27:39] !!! Bot STUCK (no output for 150s) — killing and restarting
[2026-04-20 22:27:39] Stopping bot PID=77097
[2026-04-20 22:27:41] Restarting...
[2026-04-20 22:27:41] === Starting weatherbot2 ===
[2026-04-20 22:27:43] Bot started, PID=77230
[2026-04-20 22:30:13] !!! Bot STUCK (no output for 150s) — killing and restarting
[2026-04-20 22:30:13] Stopping bot PID=77230
[2026-04-20 22:30:15] Restarting...
[2026-04-20 22:30:15] === Starting weatherbot2 ===
[2026-04-20 22:30:17] Bot started, PID=77356
[2026-04-20 22:32:48] !!! Bot STUCK (no output for 150s) — killing and restarting
[2026-04-20 22:32:48] Stopping bot PID=77356
[2026-04-20 22:32:50] Restarting...
[2026-04-20 22:32:50] === Starting weatherbot2 ===
[2026-04-20 22:32:52] Bot started, PID=77481
[2026-04-20 22:35:22] !!! Bot STUCK (no output for 150s) — killing and restarting
[2026-04-20 22:35:22] Stopping bot PID=77481
[2026-04-20 22:35:24] Restarting...
[2026-04-20 22:35:24] === Starting weatherbot2 ===
[2026-04-20 22:35:26] Bot started, PID=77581
[2026-04-20 22:37:56] !!! Bot STUCK (no output for 150s) — killing and restarting
[2026-04-20 22:37:56] Stopping bot PID=77581
[2026-04-20 22:37:58] Restarting...
[2026-04-20 22:37:58] === Starting weatherbot2 ===
[2026-04-20 22:38:00] Bot started, PID=77676
[2026-04-20 22:40:31] !!! Bot STUCK (no output for 150s) — killing and restarting
[2026-04-20 22:40:31] Stopping bot PID=77676
[2026-04-20 22:40:33] Restarting...
[2026-04-20 22:40:33] === Starting weatherbot2 ===
[2026-04-20 22:40:35] Bot started, PID=77775
[2026-04-20 22:43:05] !!! Bot STUCK (no output for 150s) — killing and restarting
[2026-04-20 22:43:05] Stopping bot PID=77775
[2026-04-20 22:43:07] Restarting...
[2026-04-20 22:43:07] === Starting weatherbot2 ===
[2026-04-20 22:43:09] Bot started, PID=77860
[2026-04-20 22:45:39] !!! Bot STUCK (no output for 150s) — killing and restarting
[2026-04-20 22:45:39] Stopping bot PID=77860
[2026-04-20 22:45:41] Restarting...
[2026-04-20 22:45:41] === Starting weatherbot2 ===
[2026-04-20 22:45:43] Bot started, PID=77949
[2026-04-20 22:48:14] !!! Bot STUCK (no output for 150s) — killing and restarting
[2026-04-20 22:48:14] Stopping bot PID=77949
[2026-04-20 22:48:16] Restarting...
[2026-04-20 22:48:16] === Starting weatherbot2 ===
[2026-04-20 22:48:18] Bot started, PID=78034
[2026-04-20 22:50:48] !!! Bot STUCK (no output for 150s) — killing and restarting
[2026-04-20 22:50:48] Stopping bot PID=78034
[2026-04-20 22:50:50] Restarting...
[2026-04-20 22:50:50] === Starting weatherbot2 ===
[2026-04-20 22:50:52] Bot started, PID=78130
[2026-04-20 22:53:22] !!! Bot STUCK (no output for 150s) — killing and restarting
[2026-04-20 22:53:22] Stopping bot PID=78130
[2026-04-20 22:53:24] Restarting...
[2026-04-20 22:53:24] === Starting weatherbot2 ===
[2026-04-20 22:53:26] Bot started, PID=78234
[2026-04-20 22:55:57] !!! Bot STUCK (no output for 150s) — killing and restarting
[2026-04-20 22:55:57] Stopping bot PID=78234
[2026-04-20 22:55:59] Restarting...
[2026-04-20 22:55:59] === Starting weatherbot2 ===
[2026-04-20 22:56:01] Bot started, PID=78331
[2026-04-20 22:58:31] !!! Bot STUCK (no output for 150s) — killing and restarting
[2026-04-20 22:58:31] Stopping bot PID=78331
[2026-04-20 22:58:33] Restarting...
[2026-04-20 22:58:33] === Starting weatherbot2 ===
[2026-04-20 22:58:35] Bot started, PID=78506
[2026-04-20 23:01:05] !!! Bot STUCK (no output for 150s) — killing and restarting
[2026-04-20 23:01:05] Stopping bot PID=78506
[2026-04-20 23:01:07] Restarting...
[2026-04-20 23:01:07] === Starting weatherbot2 ===
[2026-04-20 23:01:09] Bot started, PID=78647
[2026-04-20 23:03:40] !!! Bot STUCK (no output for 150s) — killing and restarting
[2026-04-20 23:03:40] Stopping bot PID=78647
[2026-04-20 23:03:42] Restarting...
[2026-04-20 23:03:42] === Starting weatherbot2 ===
[2026-04-20 23:03:44] Bot started, PID=78739
[2026-04-20 23:06:14] !!! Bot STUCK (no output for 150s) — killing and restarting
[2026-04-20 23:06:14] Stopping bot PID=78739
[2026-04-20 23:06:16] Restarting...
[2026-04-20 23:06:16] === Starting weatherbot2 ===
[2026-04-20 23:06:18] Bot started, PID=78858
[2026-04-20 23:08:48] !!! Bot STUCK (no output for 150s) — killing and restarting
[2026-04-20 23:08:48] Stopping bot PID=78858
[2026-04-20 23:08:50] Restarting...
[2026-04-20 23:08:50] === Starting weatherbot2 ===
[2026-04-20 23:08:52] Bot started, PID=78960
[2026-04-20 23:11:23] !!! Bot STUCK (no output for 150s) — killing and restarting
[2026-04-20 23:11:23] Stopping bot PID=78960
[2026-04-20 23:11:25] Restarting...
[2026-04-20 23:11:25] === Starting weatherbot2 ===
[2026-04-20 23:11:27] Bot started, PID=79050
[2026-04-20 23:13:57] !!! Bot STUCK (no output for 150s) — killing and restarting
[2026-04-20 23:13:57] Stopping bot PID=79050
[2026-04-20 23:13:59] Restarting...
[2026-04-20 23:13:59] === Starting weatherbot2 ===
[2026-04-20 23:14:01] Bot started, PID=79132
[2026-04-20 23:16:31] !!! Bot STUCK (no output for 150s) — killing and restarting
[2026-04-20 23:16:31] Stopping bot PID=79132
[2026-04-20 23:16:33] Restarting...
[2026-04-20 23:16:33] === Starting weatherbot2 ===
[2026-04-20 23:16:35] Bot started, PID=79281
[2026-04-20 23:19:05] !!! Bot STUCK (no output for 150s) — killing and restarting
[2026-04-20 23:19:05] Stopping bot PID=79281
[2026-04-20 23:19:08] Restarting...
[2026-04-20 23:19:08] === Starting weatherbot2 ===
[2026-04-20 23:19:10] Bot started, PID=79458
[2026-04-20 23:21:40] !!! Bot STUCK (no output for 150s) — killing and restarting
[2026-04-20 23:21:40] Stopping bot PID=79458
[2026-04-20 23:21:42] Restarting...
[2026-04-20 23:21:42] === Starting weatherbot2 ===
[2026-04-20 23:21:44] Bot started, PID=79583
[2026-04-20 23:24:14] !!! Bot STUCK (no output for 150s) — killing and restarting
[2026-04-20 23:24:14] Stopping bot PID=79583
[2026-04-20 23:24:16] Restarting...
[2026-04-20 23:24:16] === Starting weatherbot2 ===
[2026-04-20 23:24:18] Bot started, PID=79740
[2026-04-20 23:26:48] !!! Bot STUCK (no output for 150s) — killing and restarting
[2026-04-20 23:26:48] Stopping bot PID=79740
[2026-04-20 23:26:50] Restarting...
[2026-04-20 23:26:50] === Starting weatherbot2 ===
[2026-04-20 23:26:53] Bot started, PID=79934
[2026-04-20 23:29:23] !!! Bot STUCK (no output for 150s) — killing and restarting
[2026-04-20 23:29:23] Stopping bot PID=79934
[2026-04-20 23:29:25] Restarting...
[2026-04-20 23:29:25] === Starting weatherbot2 ===
[2026-04-20 23:29:27] Bot started, PID=80315
[2026-04-20 23:31:57] !!! Bot STUCK (no output for 150s) — killing and restarting
[2026-04-20 23:31:57] Stopping bot PID=80493
[2026-04-20 23:31:59] Restarting...
[2026-04-20 23:31:59] === Starting weatherbot2 ===
[2026-04-20 23:32:01] Bot started, PID=80545
[2026-04-20 23:34:31] !!! Bot STUCK (no output for 150s) — killing and restarting
[2026-04-20 23:34:31] Stopping bot PID=80545
[2026-04-20 23:34:33] Restarting...
[2026-04-20 23:34:33] === Starting weatherbot2 ===
[2026-04-20 23:34:35] Bot started, PID=80646
[2026-04-20 23:37:06] !!! Bot STUCK (no output for 150s) — killing and restarting
[2026-04-20 23:37:06] Stopping bot PID=80646
[2026-04-20 23:37:08] Restarting...
[2026-04-20 23:37:08] === Starting weatherbot2 ===
[2026-04-20 23:37:10] Bot started, PID=80731
[2026-04-20 23:39:40] !!! Bot STUCK (no output for 150s) — killing and restarting
[2026-04-20 23:39:40] Stopping bot PID=80731
[2026-04-20 23:39:42] Restarting...
[2026-04-20 23:39:42] === Starting weatherbot2 ===
[2026-04-20 23:39:44] Bot started, PID=80817
[2026-04-20 23:42:14] !!! Bot STUCK (no output for 150s) — killing and restarting
[2026-04-20 23:42:14] Stopping bot PID=80817
[2026-04-20 23:42:16] Restarting...
[2026-04-20 23:42:16] === Starting weatherbot2 ===
[2026-04-20 23:42:18] Bot started, PID=80901
[2026-04-20 23:44:49] !!! Bot STUCK (no output for 150s) — killing and restarting
[2026-04-20 23:44:49] Stopping bot PID=80901
[2026-04-20 23:44:51] Restarting...
[2026-04-20 23:44:51] === Starting weatherbot2 ===
[2026-04-20 23:44:53] Bot started, PID=80984
[2026-04-20 23:47:23] !!! Bot STUCK (no output for 150s) — killing and restarting
[2026-04-20 23:47:23] Stopping bot PID=80984
[2026-04-20 23:47:25] Restarting...
[2026-04-20 23:47:25] === Starting weatherbot2 ===
[2026-04-20 23:47:27] Bot started, PID=81115
[2026-04-20 23:49:57] !!! Bot STUCK (no output for 150s) — killing and restarting
[2026-04-20 23:49:57] Stopping bot PID=81115
[2026-04-20 23:49:59] Restarting...
[2026-04-20 23:49:59] === Starting weatherbot2 ===
[2026-04-20 23:50:01] Bot started, PID=81234
[2026-04-20 23:52:32] !!! Bot STUCK (no output for 150s) — killing and restarting
[2026-04-20 23:52:32] Stopping bot PID=81234
[2026-04-20 23:52:34] Restarting...
[2026-04-20 23:52:34] === Starting weatherbot2 ===
[2026-04-20 23:52:36] Bot started, PID=81320
[2026-04-20 23:55:06] !!! Bot STUCK (no output for 150s) — killing and restarting
[2026-04-20 23:55:06] Stopping bot PID=81320
[2026-04-20 23:55:08] Restarting...
[2026-04-20 23:55:08] === Starting weatherbot2 ===
[2026-04-20 23:55:10] Bot started, PID=81425
[2026-04-20 23:57:40] !!! Bot STUCK (no output for 150s) — killing and restarting
[2026-04-20 23:57:40] Stopping bot PID=81425
[2026-04-20 23:57:42] Restarting...
[2026-04-20 23:57:42] === Starting weatherbot2 ===
[2026-04-20 23:57:45] Bot started, PID=81517
[2026-04-21 00:00:15] !!! Bot STUCK (no output for 150s) — killing and restarting
[2026-04-21 00:00:15] Stopping bot PID=81517
[2026-04-21 00:00:17] Restarting...
[2026-04-21 00:00:17] === Starting weatherbot2 ===
[2026-04-21 00:00:19] Bot started, PID=81648
[2026-04-21 00:02:49] !!! Bot STUCK (no output for 150s) — killing and restarting
[2026-04-21 00:02:49] Stopping bot PID=81648
[2026-04-21 00:02:51] Restarting...
[2026-04-21 00:02:51] === Starting weatherbot2 ===
[2026-04-21 00:02:53] Bot started, PID=81761
[2026-04-21 00:05:23] !!! Bot STUCK (no output for 150s) — killing and restarting
[2026-04-21 00:05:23] Stopping bot PID=81761
[2026-04-21 00:05:25] Restarting...
[2026-04-21 00:05:25] === Starting weatherbot2 ===
[2026-04-21 00:05:27] Bot started, PID=81854
[2026-04-21 00:07:58] !!! Bot STUCK (no output for 150s) — killing and restarting
[2026-04-21 00:07:58] Stopping bot PID=81854
[2026-04-21 00:08:00] Restarting...
[2026-04-21 00:08:00] === Starting weatherbot2 ===
[2026-04-21 00:08:02] Bot started, PID=81968
[2026-04-21 00:10:32] !!! Bot STUCK (no output for 150s) — killing and restarting
[2026-04-21 00:10:32] Stopping bot PID=81968
[2026-04-21 00:10:34] Restarting...
[2026-04-21 00:10:34] === Starting weatherbot2 ===
[2026-04-21 00:10:36] Bot started, PID=82065
[2026-04-21 00:13:06] !!! Bot STUCK (no output for 150s) — killing and restarting
[2026-04-21 00:13:06] Stopping bot PID=82065
[2026-04-21 00:13:08] Restarting...
[2026-04-21 00:13:08] === Starting weatherbot2 ===
[2026-04-21 00:13:10] Bot started, PID=82151
[2026-04-21 00:15:41] !!! Bot STUCK (no output for 150s) — killing and restarting
[2026-04-21 00:15:41] Stopping bot PID=82151
[2026-04-21 00:15:43] Restarting...
[2026-04-21 00:15:43] === Starting weatherbot2 ===
[2026-04-21 00:15:45] Bot started, PID=82241
[2026-04-21 00:18:15] !!! Bot STUCK (no output for 150s) — killing and restarting
[2026-04-21 00:18:15] Stopping bot PID=82241
[2026-04-21 00:18:17] Restarting...
[2026-04-21 00:18:17] === Starting weatherbot2 ===
[2026-04-21 00:18:19] Bot started, PID=82326
[2026-04-21 00:20:49] !!! Bot STUCK (no output for 150s) — killing and restarting
[2026-04-21 00:20:49] Stopping bot PID=82326
[2026-04-21 00:20:51] Restarting...
[2026-04-21 00:20:51] === Starting weatherbot2 ===
[2026-04-21 00:20:54] Bot started, PID=82432
[2026-04-21 00:23:24] !!! Bot STUCK (no output for 150s) — killing and restarting
[2026-04-21 00:23:24] Stopping bot PID=82432
[2026-04-21 00:23:26] Restarting...
[2026-04-21 00:23:26] === Starting weatherbot2 ===
[2026-04-21 00:23:28] Bot started, PID=82529
[2026-04-21 00:25:58] !!! Bot STUCK (no output for 150s) — killing and restarting
[2026-04-21 00:25:58] Stopping bot PID=82529
[2026-04-21 00:26:00] Restarting...
[2026-04-21 00:26:00] === Starting weatherbot2 ===
[2026-04-21 00:26:02] Bot started, PID=82630
[2026-04-21 00:28:32] !!! Bot STUCK (no output for 150s) — killing and restarting
[2026-04-21 00:28:32] Stopping bot PID=82630
[2026-04-21 00:28:34] Restarting...
[2026-04-21 00:28:34] === Starting weatherbot2 ===
[2026-04-21 00:28:36] Bot started, PID=82784
[2026-04-21 00:31:07] !!! Bot STUCK (no output for 150s) — killing and restarting
[2026-04-21 00:31:07] Stopping bot PID=82784
[2026-04-21 00:31:09] Restarting...
[2026-04-21 00:31:09] === Starting weatherbot2 ===
[2026-04-21 00:31:11] Bot started, PID=83049
[2026-04-21 00:33:41] !!! Bot STUCK (no output for 150s) — killing and restarting
[2026-04-21 00:33:41] Stopping bot PID=83049
[2026-04-21 00:33:43] Restarting...
[2026-04-21 00:33:43] === Starting weatherbot2 ===
[2026-04-21 00:33:45] Bot started, PID=83136
[2026-04-21 00:36:15] !!! Bot STUCK (no output for 150s) — killing and restarting
[2026-04-21 00:36:15] Stopping bot PID=83136
[2026-04-21 00:36:17] Restarting...
[2026-04-21 00:36:17] === Starting weatherbot2 ===
[2026-04-21 00:36:19] Bot started, PID=83392
[2026-04-21 00:38:50] !!! Bot STUCK (no output for 150s) — killing and restarting
[2026-04-21 00:38:50] Stopping bot PID=83392
[2026-04-21 00:38:52] Restarting...
[2026-04-21 00:38:52] === Starting weatherbot2 ===
[2026-04-21 00:38:54] Bot started, PID=83520
[2026-04-21 00:41:24] !!! Bot STUCK (no output for 150s) — killing and restarting
[2026-04-21 00:41:24] Stopping bot PID=83520
[2026-04-21 00:41:26] Restarting...
[2026-04-21 00:41:26] === Starting weatherbot2 ===
[2026-04-21 00:41:28] Bot started, PID=83627
[2026-04-21 00:43:58] !!! Bot STUCK (no output for 150s) — killing and restarting
[2026-04-21 00:43:58] Stopping bot PID=83627
[2026-04-21 00:44:00] Restarting...
[2026-04-21 00:44:00] === Starting weatherbot2 ===
[2026-04-21 00:44:02] Bot started, PID=83717
[2026-04-21 00:46:33] !!! Bot STUCK (no output for 150s) — killing and restarting
[2026-04-21 00:46:33] Stopping bot PID=83717
[2026-04-21 00:46:35] Restarting...
[2026-04-21 00:46:35] === Starting weatherbot2 ===
[2026-04-21 00:46:37] Bot started, PID=83853
[2026-04-21 00:49:07] !!! Bot STUCK (no output for 150s) — killing and restarting
[2026-04-21 00:49:07] Stopping bot PID=83853
[2026-04-21 00:49:09] Restarting...
[2026-04-21 00:49:09] === Starting weatherbot2 ===
[2026-04-21 00:49:11] Bot started, PID=83978
[2026-04-21 00:51:41] !!! Bot STUCK (no output for 150s) — killing and restarting
[2026-04-21 00:51:41] Stopping bot PID=83978
[2026-04-21 00:51:43] Restarting...
[2026-04-21 00:51:43] === Starting weatherbot2 ===
[2026-04-21 00:51:45] Bot started, PID=84101
[2026-04-21 00:54:15] !!! Bot STUCK (no output for 150s) — killing and restarting
[2026-04-21 00:54:15] Stopping bot PID=84101
[2026-04-21 00:54:17] Restarting...
[2026-04-21 00:54:17] === Starting weatherbot2 ===
[2026-04-21 00:54:20] Bot started, PID=84234
[2026-04-21 00:56:50] !!! Bot STUCK (no output for 150s) — killing and restarting
[2026-04-21 00:56:50] Stopping bot PID=84234
[2026-04-21 00:56:52] Restarting...
[2026-04-21 00:56:52] === Starting weatherbot2 ===
[2026-04-21 00:56:54] Bot started, PID=84358
[2026-04-21 00:59:24] !!! Bot STUCK (no output for 150s) — killing and restarting
[2026-04-21 00:59:24] Stopping bot PID=84358
[2026-04-21 00:59:26] Restarting...
[2026-04-21 00:59:26] === Starting weatherbot2 ===
[2026-04-21 00:59:28] Bot started, PID=84449
[2026-04-21 01:01:58] !!! Bot STUCK (no output for 150s) — killing and restarting
[2026-04-21 01:01:58] Stopping bot PID=84449
[2026-04-21 01:02:00] Restarting...
[2026-04-21 01:02:00] === Starting weatherbot2 ===
[2026-04-21 01:02:03] Bot started, PID=84548
[2026-04-21 01:04:33] !!! Bot STUCK (no output for 150s) — killing and restarting
[2026-04-21 01:04:33] Stopping bot PID=84548
[2026-04-21 01:04:35] Restarting...
[2026-04-21 01:04:35] === Starting weatherbot2 ===
[2026-04-21 01:04:37] Bot started, PID=84632
[2026-04-21 01:07:07] !!! Bot STUCK (no output for 150s) — killing and restarting
[2026-04-21 01:07:07] Stopping bot PID=84632
[2026-04-21 01:07:09] Restarting...
[2026-04-21 01:07:09] === Starting weatherbot2 ===
[2026-04-21 01:07:11] Bot started, PID=84800
[2026-04-21 01:09:41] !!! Bot STUCK (no output for 150s) — killing and restarting
[2026-04-21 01:09:41] Stopping bot PID=84800
[2026-04-21 01:09:43] Restarting...
[2026-04-21 01:09:43] === Starting weatherbot2 ===
[2026-04-21 01:09:46] Bot started, PID=84945
[2026-04-21 01:12:16] !!! Bot STUCK (no output for 150s) — killing and restarting
[2026-04-21 01:12:16] Stopping bot PID=84945
[2026-04-21 01:12:18] Restarting...
[2026-04-21 01:12:18] === Starting weatherbot2 ===
[2026-04-21 01:12:20] Bot started, PID=85050
[2026-04-21 01:14:50] !!! Bot STUCK (no output for 150s) — killing and restarting
[2026-04-21 01:14:50] Stopping bot PID=85050
[2026-04-21 01:14:52] Restarting...
[2026-04-21 01:14:52] === Starting weatherbot2 ===
[2026-04-21 01:14:54] Bot started, PID=85161
[2026-04-21 01:17:24] !!! Bot STUCK (no output for 150s) — killing and restarting
[2026-04-21 01:17:24] Stopping bot PID=85161
[2026-04-21 01:17:26] Restarting...
[2026-04-21 01:17:26] === Starting weatherbot2 ===
[2026-04-21 01:17:28] Bot started, PID=85276
[2026-04-21 01:19:59] !!! Bot STUCK (no output for 150s) — killing and restarting
[2026-04-21 01:19:59] Stopping bot PID=85276
[2026-04-21 01:20:01] Restarting...
[2026-04-21 01:20:01] === Starting weatherbot2 ===
[2026-04-21 01:20:03] Bot started, PID=85395
[2026-04-21 01:22:33] !!! Bot STUCK (no output for 150s) — killing and restarting
[2026-04-21 01:22:33] Stopping bot PID=85395
[2026-04-21 01:22:35] Restarting...
[2026-04-21 01:22:35] === Starting weatherbot2 ===
[2026-04-21 01:22:37] Bot started, PID=85590
[2026-04-21 01:25:07] !!! Bot STUCK (no output for 150s) — killing and restarting
[2026-04-21 01:25:07] Stopping bot PID=85590
[2026-04-21 01:25:09] Restarting...
[2026-04-21 01:25:09] === Starting weatherbot2 ===
[2026-04-21 01:25:11] Bot started, PID=85750
[2026-04-21 01:27:42] !!! Bot STUCK (no output for 150s) — killing and restarting
[2026-04-21 01:27:42] Stopping bot PID=85750
[2026-04-21 01:27:44] Restarting...
[2026-04-21 01:27:44] === Starting weatherbot2 ===
[2026-04-21 01:27:46] Bot started, PID=85929
[2026-04-21 01:30:16] !!! Bot STUCK (no output for 150s) — killing and restarting
[2026-04-21 01:30:16] Stopping bot PID=85929
[2026-04-21 01:30:18] Restarting...
[2026-04-21 01:30:18] === Starting weatherbot2 ===
[2026-04-21 01:30:20] Bot started, PID=86107
[2026-04-21 01:32:50] !!! Bot STUCK (no output for 150s) — killing and restarting
[2026-04-21 01:32:50] Stopping bot PID=86107
[2026-04-21 01:32:52] Restarting...
[2026-04-21 01:32:52] === Starting weatherbot2 ===
[2026-04-21 01:32:54] Bot started, PID=86287
[2026-04-21 01:35:24] !!! Bot STUCK (no output for 150s) — killing and restarting
[2026-04-21 01:35:24] Stopping bot PID=86287
[2026-04-21 01:35:27] Restarting...
[2026-04-21 01:35:27] === Starting weatherbot2 ===
[2026-04-21 01:35:29] Bot started, PID=86475
[2026-04-21 01:37:59] !!! Bot STUCK (no output for 150s) — killing and restarting
[2026-04-21 01:37:59] Stopping bot PID=86475
[2026-04-21 01:38:01] Restarting...
[2026-04-21 01:38:01] === Starting weatherbot2 ===
[2026-04-21 01:38:03] Bot started, PID=86696
[2026-04-21 01:40:33] !!! Bot STUCK (no output for 150s) — killing and restarting
[2026-04-21 01:40:33] Stopping bot PID=86696
[2026-04-21 01:40:35] Restarting...
[2026-04-21 01:40:35] === Starting weatherbot2 ===
[2026-04-21 01:40:37] Bot started, PID=87171
[2026-04-21 01:43:07] !!! Bot STUCK (no output for 150s) — killing and restarting
[2026-04-21 01:43:07] Stopping bot PID=87171
[2026-04-21 01:43:10] Restarting...
[2026-04-21 01:43:10] === Starting weatherbot2 ===
[2026-04-21 01:43:12] Bot started, PID=87324
[2026-04-21 01:45:42] !!! Bot STUCK (no output for 150s) — killing and restarting
[2026-04-21 01:45:42] Stopping bot PID=87324
[2026-04-21 01:45:44] Restarting...
[2026-04-21 01:45:44] === Starting weatherbot2 ===
[2026-04-21 01:45:46] Bot started, PID=87413
[2026-04-21 01:48:16] !!! Bot STUCK (no output for 150s) — killing and restarting
[2026-04-21 01:48:16] Stopping bot PID=87413
[2026-04-21 01:48:18] Restarting...
[2026-04-21 01:48:18] === Starting weatherbot2 ===
[2026-04-21 01:48:20] Bot started, PID=87580
[2026-04-21 01:50:50] !!! Bot STUCK (no output for 150s) — killing and restarting
[2026-04-21 01:50:50] Stopping bot PID=87580
[2026-04-21 01:50:52] Restarting...
[2026-04-21 01:50:53] === Starting weatherbot2 ===
[2026-04-21 01:50:55] Bot started, PID=87707
[2026-04-21 01:53:25] !!! Bot STUCK (no output for 150s) — killing and restarting
[2026-04-21 01:53:25] Stopping bot PID=87707
[2026-04-21 01:53:27] Restarting...
[2026-04-21 01:53:27] === Starting weatherbot2 ===
[2026-04-21 01:53:29] Bot started, PID=87812
[2026-04-21 01:55:59] !!! Bot STUCK (no output for 150s) — killing and restarting
[2026-04-21 01:55:59] Stopping bot PID=87812
[2026-04-21 01:56:01] Restarting...
[2026-04-21 01:56:01] === Starting weatherbot2 ===
[2026-04-21 01:56:03] Bot started, PID=87945
[2026-04-21 01:58:33] Bot not running
[2026-04-21 01:58:33] Restart #2 — starting bot...
[2026-04-21 01:58:33] === Starting weatherbot2 ===
[2026-04-21 01:58:35] Bot started, PID=88106
[2026-04-21 02:01:06] !!! Bot STUCK (no output for 150s) — killing and restarting
[2026-04-21 02:01:06] Stopping bot PID=88106
[2026-04-21 02:01:08] Restarting...
[2026-04-21 02:01:08] === Starting weatherbot2 ===
[2026-04-21 02:01:10] Bot started, PID=88246
[2026-04-21 02:07:07] Starting watchdog...
[2026-04-21 02:07:07] Watchdog active, PID=88587
[2026-04-21 02:07:07] Bot not running
[2026-04-21 02:07:07] Restart #1 — starting bot...
[2026-04-21 02:07:07] === Starting weatherbot2 ===
[2026-04-21 02:07:09] Bot started, PID=88626
[2026-04-21 02:09:39] !!! Bot STUCK (no output for 150s) — killing and restarting
[2026-04-21 02:09:39] Stopping bot PID=88626
[2026-04-21 02:09:41] Restarting...
[2026-04-21 02:09:41] === Starting weatherbot2 ===
[2026-04-21 02:09:43] Bot started, PID=88756
[2026-04-21 02:12:13] !!! Bot STUCK (no output for 150s) — killing and restarting
[2026-04-21 02:12:13] Stopping bot PID=88756
[2026-04-21 02:12:15] Restarting...
[2026-04-21 02:12:15] === Starting weatherbot2 ===
[2026-04-21 02:12:17] Bot started, PID=89003
